<?xml version="1.0" encoding="UTF-8"?>
<!-- Generated by org.testng.reporters.JUnitXMLReporter -->
<testsuite ignored="0" hostname="LAPTOP-05KBKCBV" failures="0" tests="2" name="Validating Payment Flow" time="37.561" errors="0" timestamp="2019-11-24T17:39:15 IST">
  <testcase classname="tests.MidtransPaymentFlowTest" name="successPaymentFlow" time="18.591"/>
  <testcase classname="tests.MidtransPaymentFlowTest" name="failedPaymentFlow" time="5.787"/>
</testsuite> <!-- Validating Payment Flow -->
